<?xml version="1.0" encoding="UTF-8"?>
<robot generator="Robot 4.0.2 (Python 3.9.4 on win32)" generated="20210521 09:24:35.260" rpa="false" schemaversion="2">
<suite id="s1" name="Conta" source="C:\Projetos\RobotXpert\start\conta.robot">
<test id="s1-t1" name="Quando abro uma nova conta deve retornar saldo ZERADO">
<kw name="Abrir Conta" library="ContaLibrary">
<status status="PASS" starttime="20210521 09:24:35.287" endtime="20210521 09:24:35.287"/>
</kw>
<kw name="Obter Saldo" library="ContaLibrary">
<var>${saldo_final}</var>
<msg timestamp="20210521 09:24:35.289" level="INFO">${saldo_final} = 0.0</msg>
<status status="PASS" starttime="20210521 09:24:35.288" endtime="20210521 09:24:35.289"/>
</kw>
<kw name="Convert To Number" library="BuiltIn">
<var>${saldo_esperado}</var>
<arg>0.0</arg>
<doc>Converts the given item to a floating point number.</doc>
<msg timestamp="20210521 09:24:35.290" level="INFO">${saldo_esperado} = 0.0</msg>
<status status="PASS" starttime="20210521 09:24:35.289" endtime="20210521 09:24:35.290"/>
</kw>
<kw name="Should Be Equal" library="BuiltIn">
<arg>${saldo_final}</arg>
<arg>${saldo_esperado}</arg>
<doc>Fails if the given objects are unequal.</doc>
<status status="PASS" starttime="20210521 09:24:35.290" endtime="20210521 09:24:35.290"/>
</kw>
<status status="PASS" starttime="20210521 09:24:35.286" endtime="20210521 09:24:35.290"/>
</test>
<doc>Suite para testar a classe ContaLibrary</doc>
<status status="PASS" starttime="20210521 09:24:35.261" endtime="20210521 09:24:35.290"/>
</suite>
<statistics>
<total>
<stat pass="1" fail="0" skip="0">All Tests</stat>
</total>
<tag>
</tag>
<suite>
<stat pass="1" fail="0" skip="0" id="s1" name="Conta">Conta</stat>
</suite>
</statistics>
<errors>
</errors>
</robot>
