<?xml version="1.0" encoding="UTF-8"?>
<robot generator="Robot 4.0.2 (Python 3.9.4 on win32)" generated="20210521 13:53:03.370" rpa="false" schemaversion="2">
<suite id="s1" name="Conta" source="C:\Projetos\RobotXpert\start\conta.robot">
<test id="s1-t1" name="Quando abro uma nova conta deve retornar saldo ZERADO">
<kw name="Abrir Conta" library="ContaLibrary">
<status status="PASS" starttime="20210521 13:53:03.406" endtime="20210521 13:53:03.406"/>
</kw>
<kw name="Obter Saldo" library="ContaLibrary">
<var>${saldo_final}</var>
<msg timestamp="20210521 13:53:03.406" level="INFO">${saldo_final} = 0.0</msg>
<status status="PASS" starttime="20210521 13:53:03.406" endtime="20210521 13:53:03.406"/>
</kw>
<kw name="Convert To Number" library="BuiltIn">
<var>${saldo_esperado}</var>
<arg>0.0</arg>
<doc>Converts the given item to a floating point number.</doc>
<msg timestamp="20210521 13:53:03.406" level="INFO">${saldo_esperado} = 0.0</msg>
<status status="PASS" starttime="20210521 13:53:03.406" endtime="20210521 13:53:03.406"/>
</kw>
<kw name="Should Be Equal" library="BuiltIn">
<arg>${saldo_final}</arg>
<arg>${saldo_esperado}</arg>
<doc>Fails if the given objects are unequal.</doc>
<status status="PASS" starttime="20210521 13:53:03.406" endtime="20210521 13:53:03.406"/>
</kw>
<status status="PASS" starttime="20210521 13:53:03.406" endtime="20210521 13:53:03.406"/>
</test>
<test id="s1-t2" name="Quando faço um depósito deve refletir o valor no meu saldo">
<kw name="Abrir Conta" library="ContaLibrary">
<status status="PASS" starttime="20210521 13:53:03.406" endtime="20210521 13:53:03.406"/>
</kw>
<kw name="Convert To Number" library="BuiltIn">
<var>${valor_deposito}</var>
<arg>100</arg>
<doc>Converts the given item to a floating point number.</doc>
<msg timestamp="20210521 13:53:03.406" level="INFO">${valor_deposito} = 100.0</msg>
<status status="PASS" starttime="20210521 13:53:03.406" endtime="20210521 13:53:03.406"/>
</kw>
<kw name="Deposita" library="ContaLibrary">
<arg>${valor_deposito}</arg>
<status status="PASS" starttime="20210521 13:53:03.406" endtime="20210521 13:53:03.406"/>
</kw>
<kw name="Obter Saldo" library="ContaLibrary">
<var>${saldo_final}</var>
<msg timestamp="20210521 13:53:03.406" level="INFO">${saldo_final} = 100.0</msg>
<status status="PASS" starttime="20210521 13:53:03.406" endtime="20210521 13:53:03.406"/>
</kw>
<kw name="Should Be Equal" library="BuiltIn">
<arg>${saldo_final}</arg>
<arg>${valor_deposito}</arg>
<doc>Fails if the given objects are unequal.</doc>
<status status="PASS" starttime="20210521 13:53:03.406" endtime="20210521 13:53:03.406"/>
</kw>
<status status="PASS" starttime="20210521 13:53:03.406" endtime="20210521 13:53:03.406"/>
</test>
<test id="s1-t3" name="Quando faço um saque deve deduzir o valor do meu saldo">
<kw name="Abrir Conta" library="ContaLibrary">
<status status="PASS" starttime="20210521 13:53:03.406" endtime="20210521 13:53:03.406"/>
</kw>
<kw name="Convert To Number" library="BuiltIn">
<var>${valor_deposito}</var>
<arg>2000</arg>
<doc>Converts the given item to a floating point number.</doc>
<msg timestamp="20210521 13:53:03.406" level="INFO">${valor_deposito} = 2000.0</msg>
<status status="PASS" starttime="20210521 13:53:03.406" endtime="20210521 13:53:03.406"/>
</kw>
<kw name="Deposita" library="ContaLibrary">
<arg>${valor_deposito}</arg>
<status status="PASS" starttime="20210521 13:53:03.406" endtime="20210521 13:53:03.406"/>
</kw>
<kw name="Convert To Number" library="BuiltIn">
<var>${valor_saque}</var>
<arg>200</arg>
<doc>Converts the given item to a floating point number.</doc>
<msg timestamp="20210521 13:53:03.406" level="INFO">${valor_saque} = 200.0</msg>
<status status="PASS" starttime="20210521 13:53:03.406" endtime="20210521 13:53:03.406"/>
</kw>
<kw name="Saca" library="ContaLibrary">
<arg>${valor_saque}</arg>
<status status="PASS" starttime="20210521 13:53:03.406" endtime="20210521 13:53:03.406"/>
</kw>
<kw name="Evaluate" library="BuiltIn">
<var>${saldo_esperado}</var>
<arg>${valor_deposito} - ${valor_saque} - 2</arg>
<doc>Evaluates the given expression in Python and returns the result.</doc>
<msg timestamp="20210521 13:53:03.406" level="INFO">${saldo_esperado} = 1798.0</msg>
<status status="PASS" starttime="20210521 13:53:03.406" endtime="20210521 13:53:03.406"/>
</kw>
<kw name="Obter Saldo" library="ContaLibrary">
<var>${saldo_final}</var>
<msg timestamp="20210521 13:53:03.406" level="INFO">${saldo_final} = 1798.0</msg>
<status status="PASS" starttime="20210521 13:53:03.406" endtime="20210521 13:53:03.406"/>
</kw>
<kw name="Should Be Equal" library="BuiltIn">
<arg>${saldo_final}</arg>
<arg>${saldo_esperado}</arg>
<doc>Fails if the given objects are unequal.</doc>
<status status="PASS" starttime="20210521 13:53:03.406" endtime="20210521 13:53:03.406"/>
</kw>
<status status="PASS" starttime="20210521 13:53:03.406" endtime="20210521 13:53:03.406"/>
</test>
<doc>Suite para testar a classe ContaLibrary</doc>
<status status="PASS" starttime="20210521 13:53:03.378" endtime="20210521 13:53:03.406"/>
</suite>
<statistics>
<total>
<stat pass="3" fail="0" skip="0">All Tests</stat>
</total>
<tag>
</tag>
<suite>
<stat pass="3" fail="0" skip="0" id="s1" name="Conta">Conta</stat>
</suite>
</statistics>
<errors>
</errors>
</robot>
